Line 18: Class SocketWrenchCtrl.Socket of control Socket1 was not a loaded control class.
Line 390: Class MCI.MMControl of control MMControl1 was not a loaded control class.
Line 21: The property name _Version in Socket1 is invalid.
Line 22: The property name _ExtentX in Socket1 is invalid.
Line 23: The property name _ExtentY in Socket1 is invalid.
Line 24: The property name _StockProps in Socket1 is invalid.
Line 25: The property name AutoResolve in Socket1 is invalid.
Line 26: The property name Backlog in Socket1 is invalid.
Line 27: The property name Binary in Socket1 is invalid.
Line 28: The property name Blocking in Socket1 is invalid.
Line 29: The property name Broadcast in Socket1 is invalid.
Line 30: The property name BufferSize in Socket1 is invalid.
Line 31: The property name HostAddress in Socket1 is invalid.
Line 32: The property name HostFile in Socket1 is invalid.
Line 33: The property name HostName in Socket1 is invalid.
Line 34: The property name InLine in Socket1 is invalid.
Line 35: The property name Interval in Socket1 is invalid.
Line 36: The property name KeepAlive in Socket1 is invalid.
Line 37: The property name Library in Socket1 is invalid.
Line 38: The property name Linger in Socket1 is invalid.
Line 39: The property name LocalPort in Socket1 is invalid.
Line 40: The property name LocalService in Socket1 is invalid.
Line 41: The property name Protocol in Socket1 is invalid.
Line 42: The property name RemotePort in Socket1 is invalid.
Line 43: The property name RemoteService in Socket1 is invalid.
Line 44: The property name ReuseAddress in Socket1 is invalid.
Line 45: The property name Route in Socket1 is invalid.
Line 46: The property name Timeout in Socket1 is invalid.
Line 47: The property name Type in Socket1 is invalid.
Line 48: The property name Urgent in Socket1 is invalid.
Line 397: The property name _ExtentX in MMControl1 is invalid.
Line 398: The property name _ExtentY in MMControl1 is invalid.
Line 399: The property name _Version in MMControl1 is invalid.
Line 400: The property name DeviceType in MMControl1 is invalid.
Line 401: The property name FileName in MMControl1 is invalid.
